2020-02-29 13:25:00,690 INFO  [org.jboss.modules] (main) JBoss Modules version 1.9.1.Final
2020-02-29 13:25:08,787 INFO  [org.jboss.msc] (main) JBoss MSC version 1.4.8.Final
2020-02-29 13:25:08,828 INFO  [org.jboss.threads] (main) JBoss Threads version 2.3.3.Final
2020-02-29 13:25:09,325 INFO  [org.jboss.as] (MSC service thread 1-2) WFLYSRV0049: Keycloak 7.0.0 (WildFly Core 9.0.2.Final) starting
2020-02-29 13:25:09,341 DEBUG [org.jboss.as.config] (MSC service thread 1-2) Configured system properties:
	awt.toolkit = sun.awt.windows.WToolkit
	file.encoding = Cp1252
	file.separator = \
	java.awt.graphicsenv = sun.awt.Win32GraphicsEnvironment
	java.class.path = D:\bastech office\keycloak-7.0.0\keycloak-7.0.0\jboss-modules.jar
	java.class.version = 56.0
	java.home = C:\Program Files\Java\jdk-12
	java.io.tmpdir = C:\Users\hp\AppData\Local\Temp\
	java.library.path = C:\Program Files\Java\jdk-12\bin;C:\WINDOWS\Sun\Java\bin;C:\WINDOWS\system32;C:\WINDOWS;C:\WINDOWS\system32;C:\WINDOWS;C:\WINDOWS\System32\Wbem;C:\WINDOWS\System32\WindowsPowerShell\v1.0\;%JAVA_HOME%;C:\WINDOWS\System32\OpenSSH\;C:\Program Files\nodejs\;C:\Program Files (x86)\Yarn\bin\;C:\Program Files\Java\jdk-12\bin;D:\bastech office\apache-maven-3.6.2\bin;C:\Program Files\Git\cmd;C:\Users\hp\AppData\Local\Microsoft\WindowsApps;C:\Users\hp\AppData\Roaming\npm;C:\Users\hp\AppData\Local\Programs\Microsoft VS Code\bin;C:\Users\hp\AppData\Local\Yarn\bin;.
	java.net.preferIPv4Stack = true
	java.runtime.name = Java(TM) SE Runtime Environment
	java.runtime.version = 12+33
	java.specification.name = Java Platform API Specification
	java.specification.vendor = Oracle Corporation
	java.specification.version = 12
	java.util.logging.manager = org.jboss.logmanager.LogManager
	java.vendor = Oracle Corporation
	java.vendor.url = https://java.oracle.com/
	java.vendor.url.bug = https://bugreport.java.com/bugreport/
	java.version = 12
	java.version.date = 2019-03-19
	java.vm.compressedOopsMode = 32-bit
	java.vm.info = mixed mode, sharing
	java.vm.name = Java HotSpot(TM) 64-Bit Server VM
	java.vm.specification.name = Java Virtual Machine Specification
	java.vm.specification.vendor = Oracle Corporation
	java.vm.specification.version = 12
	java.vm.vendor = Oracle Corporation
	java.vm.version = 12+33
	javax.management.builder.initial = org.jboss.as.jmx.PluggableMBeanServerBuilder
	jboss.home.dir = D:\bastech office\keycloak-7.0.0\keycloak-7.0.0
	jboss.host.name = desktop-v242643
	jboss.modules.dir = D:\bastech office\keycloak-7.0.0\keycloak-7.0.0\modules
	jboss.modules.system.pkgs = org.jboss.byteman
	jboss.node.name = desktop-v242643
	jboss.qualified.host.name = desktop-v242643
	jboss.server.base.dir = D:\bastech office\keycloak-7.0.0\keycloak-7.0.0\standalone
	jboss.server.config.dir = D:\bastech office\keycloak-7.0.0\keycloak-7.0.0\standalone\configuration
	jboss.server.data.dir = D:\bastech office\keycloak-7.0.0\keycloak-7.0.0\standalone\data
	jboss.server.deploy.dir = D:\bastech office\keycloak-7.0.0\keycloak-7.0.0\standalone\data\content
	jboss.server.log.dir = D:\bastech office\keycloak-7.0.0\keycloak-7.0.0\standalone\log
	jboss.server.name = desktop-v242643
	jboss.server.persist.config = true
	jboss.server.temp.dir = D:\bastech office\keycloak-7.0.0\keycloak-7.0.0\standalone\tmp
	jdk.debug = release
	line.separator = 

	logging.configuration = file:D:\bastech office\keycloak-7.0.0\keycloak-7.0.0\standalone\configuration/logging.properties
	module.path = D:\bastech office\keycloak-7.0.0\keycloak-7.0.0\modules
	org.jboss.boot.log.file = D:\bastech office\keycloak-7.0.0\keycloak-7.0.0\standalone\log\server.log
	org.jboss.resolver.warning = true
	os.arch = amd64
	os.name = Windows 10
	os.version = 10.0
	path.separator = ;
	program.name = standalone.bat
	sun.arch.data.model = 64
	sun.boot.library.path = C:\Program Files\Java\jdk-12\bin
	sun.cpu.endian = little
	sun.cpu.isalist = amd64
	sun.desktop = windows
	sun.io.unicode.encoding = UnicodeLittle
	sun.java.command = D:\bastech office\keycloak-7.0.0\keycloak-7.0.0\jboss-modules.jar -mp D:\bastech office\keycloak-7.0.0\keycloak-7.0.0\modules org.jboss.as.standalone -Djboss.home.dir=D:\bastech office\keycloak-7.0.0\keycloak-7.0.0
	sun.java.launcher = SUN_STANDARD
	sun.jnu.encoding = Cp1252
	sun.management.compiler = HotSpot 64-Bit Tiered Compilers
	sun.os.patch.level = 
	sun.stderr.encoding = cp437
	sun.stdout.encoding = cp437
	user.country = US
	user.dir = D:\bastech office\keycloak-7.0.0\keycloak-7.0.0\bin
	user.home = C:\Users\hp
	user.language = en
	user.name = hp
	user.script = 
	user.timezone = Asia/Calcutta
	user.variant = 
2020-02-29 13:25:09,341 DEBUG [org.jboss.as.config] (MSC service thread 1-2) VM Arguments: -Dprogram.name=standalone.bat -Xms64M -Xmx512M -XX:MetaspaceSize=96M -XX:MaxMetaspaceSize=256m -Djava.net.preferIPv4Stack=true -Djboss.modules.system.pkgs=org.jboss.byteman --add-exports=java.base/sun.nio.ch=ALL-UNNAMED --add-exports=jdk.unsupported/sun.misc=ALL-UNNAMED --add-exports=jdk.unsupported/sun.reflect=ALL-UNNAMED -Dorg.jboss.boot.log.file=D:\bastech office\keycloak-7.0.0\keycloak-7.0.0\standalone\log\server.log -Dlogging.configuration=file:D:\bastech office\keycloak-7.0.0\keycloak-7.0.0\standalone\configuration/logging.properties 
2020-02-29 13:25:15,615 INFO  [org.wildfly.security] (ServerService Thread Pool -- 20) ELY00001: WildFly Elytron version 1.9.1.Final
2020-02-29 13:25:35,712 INFO  [org.jboss.as.controller.management-deprecated] (Controller Boot Thread) WFLYCTL0028: Attribute 'security-realm' in the resource at address '/core-service=management/management-interface=http-interface' is deprecated, and may be removed in a future version. See the attribute description in the output of the read-resource-description operation to learn more about the deprecation.
2020-02-29 13:25:35,828 INFO  [org.jboss.as.controller.management-deprecated] (ServerService Thread Pool -- 21) WFLYCTL0028: Attribute 'security-realm' in the resource at address '/subsystem=undertow/server=default-server/https-listener=https' is deprecated, and may be removed in a future version. See the attribute description in the output of the read-resource-description operation to learn more about the deprecation.
2020-02-29 13:25:36,242 INFO  [org.jboss.as.server] (Controller Boot Thread) WFLYSRV0039: Creating http management service using socket-binding (management-http)
2020-02-29 13:25:36,876 INFO  [org.xnio] (MSC service thread 1-8) XNIO version 3.7.2.Final
2020-02-29 13:25:37,291 INFO  [org.xnio.nio] (MSC service thread 1-8) XNIO NIO Implementation Version 3.7.2.Final
2020-02-29 13:25:37,519 INFO  [org.wildfly.extension.microprofile.config.smallrye._private] (ServerService Thread Pool -- 51) WFLYCONF0001: Activating WildFly MicroProfile Config Subsystem
2020-02-29 13:25:37,511 WARN  [org.jboss.as.txn] (ServerService Thread Pool -- 49) WFLYTX0013: The node-identifier attribute on the /subsystem=transactions is set to the default value. This is a danger for environments running multiple servers. Please make sure the attribute value is unique.
2020-02-29 13:25:37,555 INFO  [org.wildfly.extension.microprofile.health.smallrye] (ServerService Thread Pool -- 52) WFLYHEALTH0001: Activating Eclipse MicroProfile Health Subsystem
2020-02-29 13:25:37,599 INFO  [org.jboss.as.clustering.infinispan] (ServerService Thread Pool -- 37) WFLYCLINF0001: Activating Infinispan subsystem.
2020-02-29 13:25:37,785 INFO  [org.jboss.as.naming] (ServerService Thread Pool -- 43) WFLYNAM0001: Activating Naming Subsystem
2020-02-29 13:25:37,785 INFO  [org.jboss.as.security] (ServerService Thread Pool -- 48) WFLYSEC0002: Activating Security Subsystem
2020-02-29 13:25:37,805 INFO  [org.wildfly.extension.microprofile.metrics.smallrye] (ServerService Thread Pool -- 53) WFLYMETRICS0001: Activating Eclipse MicroProfile Metrics Subsystem
2020-02-29 13:25:37,881 INFO  [io.smallrye.metrics] (MSC service thread 1-2) Converted [2] config entries and added [4] replacements
2020-02-29 13:25:37,941 INFO  [io.smallrye.metrics] (MSC service thread 1-2) Converted [3] config entries and added [18] replacements
2020-02-29 13:25:37,993 INFO  [org.jboss.as.security] (MSC service thread 1-2) WFLYSEC0001: Current PicketBox version=5.0.3.Final
2020-02-29 13:25:38,077 INFO  [org.jboss.as.connector] (MSC service thread 1-5) WFLYJCA0009: Starting JCA Subsystem (WildFly/IronJacamar 1.4.16.Final)
2020-02-29 13:25:38,961 INFO  [org.jboss.as.connector.subsystems.datasources] (ServerService Thread Pool -- 32) WFLYJCA0004: Deploying JDBC-compliant driver class org.h2.Driver (version 1.4)
2020-02-29 13:25:39,214 INFO  [org.wildfly.extension.undertow] (MSC service thread 1-2) WFLYUT0003: Undertow 2.0.21.Final starting
2020-02-29 13:25:39,355 WARN  [org.wildfly.clustering.web.undertow] (ServerService Thread Pool -- 54) WFLYCLWEBUT0007: No routing provider found for default-server; using legacy provider based on static configuration
2020-02-29 13:25:39,603 INFO  [org.jboss.as.naming] (MSC service thread 1-2) WFLYNAM0003: Starting Naming Service
2020-02-29 13:25:39,603 INFO  [org.jboss.as.connector.deployers.jdbc] (MSC service thread 1-5) WFLYJCA0018: Started Driver service with driver-name = h2
2020-02-29 13:25:39,607 INFO  [org.jboss.as.mail.extension] (MSC service thread 1-4) WFLYMAIL0001: Bound mail session [java:jboss/mail/Default]
2020-02-29 13:25:39,807 INFO  [org.wildfly.extension.undertow] (ServerService Thread Pool -- 54) WFLYUT0014: Creating file handler for path 'D:\bastech office\keycloak-7.0.0\keycloak-7.0.0/welcome-content' with options [directory-listing: 'false', follow-symlink: 'false', case-sensitive: 'true', safe-symlink-paths: '[]']
2020-02-29 13:25:40,251 INFO  [org.wildfly.extension.io] (ServerService Thread Pool -- 36) WFLYIO001: Worker 'default' has auto-configured to 8 core threads with 64 task threads based on your 4 available processors
2020-02-29 13:25:40,343 INFO  [org.jboss.as.ejb3] (MSC service thread 1-4) WFLYEJB0481: Strict pool slsb-strict-max-pool is using a max instance size of 64 (per class), which is derived from thread worker pool sizing.
2020-02-29 13:25:40,339 INFO  [org.jboss.as.ejb3] (MSC service thread 1-6) WFLYEJB0482: Strict pool mdb-strict-max-pool is using a max instance size of 16 (per class), which is derived from the number of CPUs on this host.
2020-02-29 13:25:40,606 INFO  [org.jboss.remoting] (MSC service thread 1-8) JBoss Remoting version 5.0.12.Final
2020-02-29 13:25:40,614 INFO  [org.wildfly.extension.undertow] (MSC service thread 1-6) WFLYUT0012: Started server default-server.
2020-02-29 13:25:40,774 INFO  [org.jboss.as.jaxrs] (ServerService Thread Pool -- 38) WFLYRS0016: RESTEasy version 3.7.0.Final
2020-02-29 13:25:40,802 INFO  [org.wildfly.extension.undertow] (MSC service thread 1-6) WFLYUT0018: Host default-host starting
2020-02-29 13:25:41,022 INFO  [org.jboss.as.ejb3] (MSC service thread 1-7) WFLYEJB0493: EJB subsystem suspension complete
2020-02-29 13:25:41,054 INFO  [org.wildfly.extension.undertow] (MSC service thread 1-3) WFLYUT0006: Undertow HTTP listener default listening on 127.0.0.1:8080
2020-02-29 13:25:41,738 INFO  [org.jboss.as.connector.subsystems.datasources] (MSC service thread 1-5) WFLYJCA0001: Bound data source [java:jboss/datasources/ExampleDS]
2020-02-29 13:25:41,746 INFO  [org.jboss.as.connector.subsystems.datasources] (MSC service thread 1-8) WFLYJCA0001: Bound data source [java:jboss/datasources/KeycloakDS]
2020-02-29 13:25:48,489 INFO  [org.jboss.as.patching] (MSC service thread 1-8) WFLYPAT0050: Keycloak cumulative patch ID is: base, one-off patches include: none
2020-02-29 13:25:48,541 WARN  [org.jboss.as.domain.management.security] (MSC service thread 1-2) WFLYDM0111: Keystore D:\bastech office\keycloak-7.0.0\keycloak-7.0.0\standalone\configuration\application.keystore not found, it will be auto generated on first use with a self signed certificate for host localhost
2020-02-29 13:25:48,645 INFO  [org.jboss.as.server.deployment.scanner] (MSC service thread 1-5) WFLYDS0013: Started FileSystemDeploymentService for directory D:\bastech office\keycloak-7.0.0\keycloak-7.0.0\standalone\deployments
2020-02-29 13:25:49,002 INFO  [org.jboss.as.server.deployment] (MSC service thread 1-1) WFLYSRV0027: Starting deployment of "keycloak-server.war" (runtime-name: "keycloak-server.war")
2020-02-29 13:25:49,624 INFO  [org.wildfly.extension.undertow] (MSC service thread 1-7) WFLYUT0006: Undertow HTTPS listener https listening on 127.0.0.1:8443
2020-02-29 13:26:03,675 WARN  [org.jboss.as.dependency.private] (MSC service thread 1-5) WFLYSRV0018: Deployment "deployment.keycloak-server.war" is using a private module ("org.kie") which may be changed or removed in future versions without notice.
2020-02-29 13:26:05,761 INFO  [org.infinispan.factories.GlobalComponentRegistry] (MSC service thread 1-5) ISPN000128: Infinispan version: Infinispan 'Infinity Minus ONE +2' 9.4.14.Final
2020-02-29 13:26:06,721 INFO  [org.jboss.as.clustering.infinispan] (ServerService Thread Pool -- 64) WFLYCLINF0002: Started sessions cache from keycloak container
2020-02-29 13:26:06,721 INFO  [org.jboss.as.clustering.infinispan] (ServerService Thread Pool -- 58) WFLYCLINF0002: Started clientSessions cache from keycloak container
2020-02-29 13:26:06,721 INFO  [org.jboss.as.clustering.infinispan] (ServerService Thread Pool -- 67) WFLYCLINF0002: Started work cache from keycloak container
2020-02-29 13:26:06,721 INFO  [org.jboss.as.clustering.infinispan] (ServerService Thread Pool -- 63) WFLYCLINF0002: Started authenticationSessions cache from keycloak container
2020-02-29 13:26:06,726 INFO  [org.jboss.as.clustering.infinispan] (ServerService Thread Pool -- 68) WFLYCLINF0002: Started offlineClientSessions cache from keycloak container
2020-02-29 13:26:06,721 INFO  [org.jboss.as.clustering.infinispan] (ServerService Thread Pool -- 59) WFLYCLINF0002: Started offlineSessions cache from keycloak container
2020-02-29 13:26:06,726 INFO  [org.jboss.as.clustering.infinispan] (ServerService Thread Pool -- 66) WFLYCLINF0002: Started loginFailures cache from keycloak container
2020-02-29 13:26:06,726 INFO  [org.jboss.as.clustering.infinispan] (ServerService Thread Pool -- 61) WFLYCLINF0002: Started actionTokens cache from keycloak container
2020-02-29 13:26:06,777 INFO  [org.jboss.as.clustering.infinispan] (ServerService Thread Pool -- 60) WFLYCLINF0002: Started keys cache from keycloak container
2020-02-29 13:26:06,777 INFO  [org.jboss.as.clustering.infinispan] (ServerService Thread Pool -- 69) WFLYCLINF0002: Started users cache from keycloak container
2020-02-29 13:26:06,777 INFO  [org.jboss.as.clustering.infinispan] (ServerService Thread Pool -- 65) WFLYCLINF0002: Started authorization cache from keycloak container
2020-02-29 13:26:06,777 INFO  [org.jboss.as.clustering.infinispan] (ServerService Thread Pool -- 62) WFLYCLINF0002: Started realms cache from keycloak container
2020-02-29 13:26:06,866 INFO  [org.jboss.as.clustering.infinispan] (ServerService Thread Pool -- 70) WFLYCLINF0002: Started client-mappings cache from ejb container
2020-02-29 13:26:10,098 WARN  [org.jboss.as.server.deployment] (MSC service thread 1-7) WFLYSRV0273: Excluded subsystem webservices via jboss-deployment-structure.xml does not exist.
2020-02-29 13:26:14,123 INFO  [org.keycloak.services] (ServerService Thread Pool -- 70) KC-SERVICES0001: Loading config from standalone.xml or domain.xml
2020-02-29 13:26:16,097 INFO  [org.jboss.as.clustering.infinispan] (ServerService Thread Pool -- 70) WFLYCLINF0002: Started realmRevisions cache from keycloak container
2020-02-29 13:26:16,108 INFO  [org.jboss.as.clustering.infinispan] (ServerService Thread Pool -- 70) WFLYCLINF0002: Started userRevisions cache from keycloak container
2020-02-29 13:26:16,132 INFO  [org.jboss.as.clustering.infinispan] (ServerService Thread Pool -- 70) WFLYCLINF0002: Started authorizationRevisions cache from keycloak container
2020-02-29 13:26:16,132 INFO  [org.keycloak.connections.infinispan.DefaultInfinispanConnectionProviderFactory] (ServerService Thread Pool -- 70) Node name: desktop-v242643, Site name: null
2020-02-29 13:26:25,955 INFO  [org.hibernate.jpa.internal.util.LogHelper] (ServerService Thread Pool -- 70) HHH000204: Processing PersistenceUnitInfo [
	name: keycloak-default
	...]
2020-02-29 13:26:26,207 INFO  [org.hibernate.Version] (ServerService Thread Pool -- 70) HHH000412: Hibernate Core {5.3.10.Final}
2020-02-29 13:26:26,207 INFO  [org.hibernate.cfg.Environment] (ServerService Thread Pool -- 70) HHH000206: hibernate.properties not found
2020-02-29 13:26:27,203 INFO  [org.hibernate.annotations.common.Version] (ServerService Thread Pool -- 70) HCANN000001: Hibernate Commons Annotations {5.0.5.Final}
2020-02-29 13:26:27,794 INFO  [org.hibernate.dialect.Dialect] (ServerService Thread Pool -- 70) HHH000400: Using dialect: org.hibernate.dialect.H2Dialect
2020-02-29 13:26:27,809 WARN  [org.hibernate.dialect.H2Dialect] (ServerService Thread Pool -- 70) HHH000431: Unable to determine H2 database version, certain features may not work
2020-02-29 13:26:28,003 INFO  [org.hibernate.envers.boot.internal.EnversServiceImpl] (ServerService Thread Pool -- 70) Envers integration enabled? : true
2020-02-29 13:26:29,337 INFO  [org.hibernate.orm.beans] (ServerService Thread Pool -- 70) HHH10005002: No explicit CDI BeanManager reference was passed to Hibernate, but CDI is available on the Hibernate ClassLoader.
2020-02-29 13:26:29,492 INFO  [org.hibernate.validator.internal.util.Version] (ServerService Thread Pool -- 70) HV000001: Hibernate Validator 6.0.16.Final
2020-02-29 13:26:33,031 INFO  [org.hibernate.hql.internal.QueryTranslatorFactoryInitiator] (ServerService Thread Pool -- 70) HHH000397: Using ASTQueryTranslatorFactory
2020-02-29 13:26:35,641 INFO  [org.jboss.resteasy.resteasy_jaxrs.i18n] (ServerService Thread Pool -- 70) RESTEASY002225: Deploying javax.ws.rs.core.Application: class org.keycloak.services.resources.KeycloakApplication
2020-02-29 13:26:35,658 INFO  [org.jboss.resteasy.resteasy_jaxrs.i18n] (ServerService Thread Pool -- 70) RESTEASY002205: Adding provider class org.keycloak.services.error.KeycloakErrorHandler from Application class org.keycloak.services.resources.KeycloakApplication
2020-02-29 13:26:35,658 INFO  [org.jboss.resteasy.resteasy_jaxrs.i18n] (ServerService Thread Pool -- 70) RESTEASY002200: Adding class resource org.keycloak.services.resources.ThemeResource from Application class org.keycloak.services.resources.KeycloakApplication
2020-02-29 13:26:35,658 INFO  [org.jboss.resteasy.resteasy_jaxrs.i18n] (ServerService Thread Pool -- 70) RESTEASY002205: Adding provider class org.keycloak.services.filters.KeycloakTransactionCommitter from Application class org.keycloak.services.resources.KeycloakApplication
2020-02-29 13:26:35,658 INFO  [org.jboss.resteasy.resteasy_jaxrs.i18n] (ServerService Thread Pool -- 70) RESTEASY002200: Adding class resource org.keycloak.services.resources.JsResource from Application class org.keycloak.services.resources.KeycloakApplication
2020-02-29 13:26:35,658 INFO  [org.jboss.resteasy.resteasy_jaxrs.i18n] (ServerService Thread Pool -- 70) RESTEASY002210: Adding provider singleton org.keycloak.services.util.ObjectMapperResolver from Application class org.keycloak.services.resources.KeycloakApplication
2020-02-29 13:26:35,658 INFO  [org.jboss.resteasy.resteasy_jaxrs.i18n] (ServerService Thread Pool -- 70) RESTEASY002220: Adding singleton resource org.keycloak.services.resources.WelcomeResource from Application class org.keycloak.services.resources.KeycloakApplication
2020-02-29 13:26:35,658 INFO  [org.jboss.resteasy.resteasy_jaxrs.i18n] (ServerService Thread Pool -- 70) RESTEASY002220: Adding singleton resource org.keycloak.services.resources.admin.AdminRoot from Application class org.keycloak.services.resources.KeycloakApplication
2020-02-29 13:26:35,658 INFO  [org.jboss.resteasy.resteasy_jaxrs.i18n] (ServerService Thread Pool -- 70) RESTEASY002220: Adding singleton resource org.keycloak.services.resources.RobotsResource from Application class org.keycloak.services.resources.KeycloakApplication
2020-02-29 13:26:35,658 INFO  [org.jboss.resteasy.resteasy_jaxrs.i18n] (ServerService Thread Pool -- 70) RESTEASY002220: Adding singleton resource org.keycloak.services.resources.RealmsResource from Application class org.keycloak.services.resources.KeycloakApplication
2020-02-29 13:26:35,990 INFO  [org.wildfly.extension.undertow] (ServerService Thread Pool -- 70) WFLYUT0021: Registered web context: '/auth' for server 'default-server'
2020-02-29 13:26:36,251 INFO  [org.jboss.as.server] (ServerService Thread Pool -- 55) WFLYSRV0010: Deployed "keycloak-server.war" (runtime-name : "keycloak-server.war")
2020-02-29 13:26:36,457 INFO  [org.jboss.as.server] (Controller Boot Thread) WFLYSRV0212: Resuming server
2020-02-29 13:26:36,457 INFO  [org.jboss.as] (Controller Boot Thread) WFLYSRV0060: Http management interface listening on http://127.0.0.1:9990/management
2020-02-29 13:26:36,457 INFO  [org.jboss.as] (Controller Boot Thread) WFLYSRV0051: Admin console listening on http://127.0.0.1:9990
2020-02-29 13:26:36,473 INFO  [org.jboss.as] (Controller Boot Thread) WFLYSRV0025: Keycloak 7.0.0 (WildFly Core 9.0.2.Final) started in 122530ms - Started 589 of 884 services (601 services are lazy, passive or on-demand)
2020-02-29 13:57:16,430 WARN  [org.keycloak.events] (default task-3) type=LOGIN_ERROR, realmId=jhipster, clientId=web_app, userId=null, ipAddress=127.0.0.1, error=user_not_found, auth_method=openid-connect, auth_type=code, redirect_uri=http://localhost:9000/login/oauth2/code/oidc, code_id=1548eca5-de69-4eef-b490-bb97dc12cfb5, username=admin, authSessionParentId=1548eca5-de69-4eef-b490-bb97dc12cfb5, authSessionTabId=wrdMglqsdZ4
2020-02-29 13:58:15,015 WARN  [org.keycloak.events] (default task-3) type=LOGIN_ERROR, realmId=jhipster, clientId=web_app, userId=201f659a-e8c6-4789-99f4-2bc615edcb01, ipAddress=127.0.0.1, error=invalid_user_credentials, auth_method=openid-connect, auth_type=code, redirect_uri=http://localhost:9000/login/oauth2/code/oidc, code_id=1548eca5-de69-4eef-b490-bb97dc12cfb5, username=chandu, authSessionParentId=1548eca5-de69-4eef-b490-bb97dc12cfb5, authSessionTabId=wrdMglqsdZ4
2020-02-29 14:50:34,019 INFO  [org.jboss.as.server] (Thread-1) WFLYSRV0272: Suspending server
2020-02-29 14:50:34,034 INFO  [org.jboss.as.ejb3] (Thread-1) WFLYEJB0493: EJB subsystem suspension complete
2020-02-29 14:50:34,050 INFO  [org.jboss.as.server] (Thread-1) WFLYSRV0220: Server shutdown has been requested via an OS signal
2020-02-29 14:50:34,103 INFO  [org.jboss.as.connector.subsystems.datasources] (MSC service thread 1-8) WFLYJCA0010: Unbound data source [java:jboss/datasources/KeycloakDS]
2020-02-29 14:50:34,103 INFO  [org.jboss.as.mail.extension] (MSC service thread 1-3) WFLYMAIL0002: Unbound mail session [java:jboss/mail/Default]
2020-02-29 14:50:34,103 INFO  [org.wildfly.extension.undertow] (MSC service thread 1-3) WFLYUT0008: Undertow HTTPS listener https suspending
2020-02-29 14:50:34,103 INFO  [org.wildfly.extension.undertow] (ServerService Thread Pool -- 71) WFLYUT0022: Unregistered web context: '/auth' from server 'default-server'
2020-02-29 14:50:34,119 INFO  [org.wildfly.extension.undertow] (MSC service thread 1-3) WFLYUT0007: Undertow HTTPS listener https stopped, was bound to 127.0.0.1:8443
2020-02-29 14:50:34,135 INFO  [org.jboss.as.connector.subsystems.datasources] (MSC service thread 1-2) WFLYJCA0010: Unbound data source [java:jboss/datasources/ExampleDS]
2020-02-29 14:50:34,157 INFO  [org.wildfly.extension.undertow] (MSC service thread 1-3) WFLYUT0019: Host default-host stopping
2020-02-29 14:50:34,157 INFO  [org.jboss.as.connector.deployers.jdbc] (MSC service thread 1-2) WFLYJCA0019: Stopped Driver service with driver-name = h2
2020-02-29 14:50:34,172 INFO  [org.wildfly.extension.undertow] (MSC service thread 1-6) WFLYUT0008: Undertow HTTP listener default suspending
2020-02-29 14:50:34,188 INFO  [org.wildfly.extension.undertow] (MSC service thread 1-6) WFLYUT0007: Undertow HTTP listener default stopped, was bound to 127.0.0.1:8080
2020-02-29 14:50:34,188 INFO  [org.jboss.as.server.deployment] (MSC service thread 1-4) WFLYSRV0028: Stopped deployment keycloak-server.war (runtime-name: keycloak-server.war) in 135ms
2020-02-29 14:50:34,188 INFO  [org.jboss.as.clustering.infinispan] (ServerService Thread Pool -- 73) WFLYCLINF0003: Stopped sessions cache from keycloak container
2020-02-29 14:50:34,188 INFO  [org.jboss.as.clustering.infinispan] (ServerService Thread Pool -- 15) WFLYCLINF0003: Stopped loginFailures cache from keycloak container
2020-02-29 14:50:34,188 INFO  [org.jboss.as.clustering.infinispan] (ServerService Thread Pool -- 72) WFLYCLINF0003: Stopped keys cache from keycloak container
2020-02-29 14:50:34,188 INFO  [org.jboss.as.clustering.infinispan] (ServerService Thread Pool -- 81) WFLYCLINF0003: Stopped offlineSessions cache from keycloak container
2020-02-29 14:50:34,188 INFO  [org.jboss.as.clustering.infinispan] (ServerService Thread Pool -- 80) WFLYCLINF0003: Stopped actionTokens cache from keycloak container
2020-02-29 14:50:34,204 INFO  [org.jboss.as.clustering.infinispan] (ServerService Thread Pool -- 76) WFLYCLINF0003: Stopped work cache from keycloak container
2020-02-29 14:50:34,204 INFO  [org.jboss.as.clustering.infinispan] (ServerService Thread Pool -- 75) WFLYCLINF0003: Stopped offlineClientSessions cache from keycloak container
2020-02-29 14:50:34,204 INFO  [org.jboss.as.clustering.infinispan] (ServerService Thread Pool -- 79) WFLYCLINF0003: Stopped authenticationSessions cache from keycloak container
2020-02-29 14:50:34,204 INFO  [org.jboss.as.clustering.infinispan] (ServerService Thread Pool -- 82) WFLYCLINF0003: Stopped clientSessions cache from keycloak container
2020-02-29 14:50:34,204 INFO  [org.wildfly.extension.undertow] (MSC service thread 1-3) WFLYUT0004: Undertow 2.0.21.Final stopping
2020-02-29 14:50:34,204 INFO  [org.jboss.as.clustering.infinispan] (ServerService Thread Pool -- 77) WFLYCLINF0003: Stopped users cache from keycloak container
2020-02-29 14:50:34,235 INFO  [org.jboss.as.clustering.infinispan] (ServerService Thread Pool -- 71) WFLYCLINF0003: Stopped client-mappings cache from ejb container
2020-02-29 14:50:34,235 INFO  [org.jboss.as.clustering.infinispan] (ServerService Thread Pool -- 78) WFLYCLINF0003: Stopped authorization cache from keycloak container
2020-02-29 14:50:34,235 INFO  [org.jboss.as.clustering.infinispan] (ServerService Thread Pool -- 74) WFLYCLINF0003: Stopped realms cache from keycloak container
2020-02-29 14:50:34,304 INFO  [org.jboss.as] (MSC service thread 1-7) WFLYSRV0050: Keycloak 7.0.0 (WildFly Core 9.0.2.Final) stopped in 246ms
